c:\users\abd el-rahman hayder\source\repos\amrayman2\cmps103-alien-invasion\cmps103-.6f22db0f\x64\debug\vc143.pdb
c:\users\abd el-rahman hayder\source\repos\amrayman2\cmps103-alien-invasion\cmps103-.6f22db0f\x64\debug\vc143.idb
c:\users\abd el-rahman hayder\source\repos\amrayman2\cmps103-alien-invasion\cmps103-.6f22db0f\x64\debug\main.obj
c:\users\abd el-rahman hayder\source\repos\amrayman2\cmps103-alien-invasion\cmps103-.6f22db0f\x64\debug\input.obj
c:\users\abd el-rahman hayder\source\repos\amrayman2\cmps103-alien-invasion\cmps103-.6f22db0f\x64\debug\generator.obj
c:\users\abd el-rahman hayder\source\repos\amrayman2\cmps103-alien-invasion\cmps103-.6f22db0f\x64\debug\gamerules.obj
c:\users\abd el-rahman hayder\source\repos\amrayman2\cmps103-alien-invasion\cmps103-.6f22db0f\x64\debug\eartharmy.obj
c:\users\abd el-rahman hayder\source\repos\amrayman2\cmps103-alien-invasion\cmps103-.6f22db0f\x64\debug\earthtank.obj
c:\users\abd el-rahman hayder\source\repos\amrayman2\cmps103-alien-invasion\cmps103-.6f22db0f\x64\debug\earthsoldier.obj
c:\users\abd el-rahman hayder\source\repos\amrayman2\cmps103-alien-invasion\cmps103-.6f22db0f\x64\debug\earthgunnery.obj
c:\users\abd el-rahman hayder\source\repos\amrayman2\cmps103-alien-invasion\cmps103-.6f22db0f\x64\debug\armyunit.obj
c:\users\abd el-rahman hayder\source\repos\amrayman2\cmps103-alien-invasion\cmps103-.6f22db0f\x64\debug\aliensoldier.obj
c:\users\abd el-rahman hayder\source\repos\amrayman2\cmps103-alien-invasion\cmps103-.6f22db0f\x64\debug\alienmonster.obj
c:\users\abd el-rahman hayder\source\repos\amrayman2\cmps103-alien-invasion\cmps103-.6f22db0f\x64\debug\aliendrone.obj
c:\users\abd el-rahman hayder\source\repos\amrayman2\cmps103-alien-invasion\cmps103-.6f22db0f\x64\debug\alienarmy.obj
c:\users\abd el-rahman hayder\source\repos\amrayman2\cmps103-alien-invasion\x64\debug\cmps103-alien-invasion.exe
c:\users\abd el-rahman hayder\source\repos\amrayman2\cmps103-alien-invasion\x64\debug\cmps103-alien-invasion.pdb
c:\users\abd el-rahman hayder\source\repos\amrayman2\cmps103-alien-invasion\cmps103-.6f22db0f\x64\debug\cmps103-alien-invasion.ilk
c:\users\abd el-rahman hayder\source\repos\amrayman2\cmps103-alien-invasion\x64\debug\cmps103-alien-invasion.ilk
c:\users\abd el-rahman hayder\source\repos\amrayman2\cmps103-alien-invasion\cmps103-.6f22db0f\x64\debug\cmps103-.6f22db0f.tlog\cl.command.1.tlog
c:\users\abd el-rahman hayder\source\repos\amrayman2\cmps103-alien-invasion\cmps103-.6f22db0f\x64\debug\cmps103-.6f22db0f.tlog\cl.items.tlog
c:\users\abd el-rahman hayder\source\repos\amrayman2\cmps103-alien-invasion\cmps103-.6f22db0f\x64\debug\cmps103-.6f22db0f.tlog\cl.read.1.tlog
c:\users\abd el-rahman hayder\source\repos\amrayman2\cmps103-alien-invasion\cmps103-.6f22db0f\x64\debug\cmps103-.6f22db0f.tlog\cl.write.1.tlog
c:\users\abd el-rahman hayder\source\repos\amrayman2\cmps103-alien-invasion\cmps103-.6f22db0f\x64\debug\cmps103-.6f22db0f.tlog\link.command.1.tlog
c:\users\abd el-rahman hayder\source\repos\amrayman2\cmps103-alien-invasion\cmps103-.6f22db0f\x64\debug\cmps103-.6f22db0f.tlog\link.read.1.tlog
c:\users\abd el-rahman hayder\source\repos\amrayman2\cmps103-alien-invasion\cmps103-.6f22db0f\x64\debug\cmps103-.6f22db0f.tlog\link.secondary.1.tlog
c:\users\abd el-rahman hayder\source\repos\amrayman2\cmps103-alien-invasion\cmps103-.6f22db0f\x64\debug\cmps103-.6f22db0f.tlog\link.write.1.tlog
